

Version:	3.50
CmdLine:	D:\Programedudel\Java\Java Game GitHub\Java-Game\out\artifacts\Java_Game_jar\Java-Game.exe --l4j-debug
JNI:		No
WOW64:		Yes
Working dir:	D:\Programedudel\Java\Java Game GitHub\Java-Game\out\artifacts\Java_Game_jar\.
Requires JDK:	No
Requires 64-Bit: No
Java min ver:	
Java max ver:	
JRE paths:	jre
Check launcher:	D:\Programedudel\Java\Java Game GitHub\Java-Game\out\artifacts\Java_Game_jar\jre\bin\javaw.exe (not found)
Error msg:	This application requires a Java Runtime Environment.


Version:	3.50
CmdLine:	D:\Programedudel\Java\Java Game GitHub\Java-Game\out\artifacts\Java_Game_jar\Java-Game.exe --l4j-debug
JNI:		No
WOW64:		Yes
Working dir:	D:\Programedudel\Java\Java Game GitHub\Java-Game\out\artifacts\Java_Game_jar\.
Requires JDK:	No
Requires 64-Bit: No
Java min ver:	
Java max ver:	
JRE paths:	jre
Check launcher:	D:\Programedudel\Java\Java Game GitHub\Java-Game\out\artifacts\Java_Game_jar\jre\bin\javaw.exe (not found)
Error msg:	This application requires a Java Runtime Environment.


Version:	3.50
CmdLine:	D:\Programedudel\Java\Java Game GitHub\Java-Game\out\artifacts\Java_Game_jar\Java-Game.exe --l4j-debug
JNI:		No
WOW64:		Yes
Working dir:	D:\Programedudel\Java\Java Game GitHub\Java-Game\out\artifacts\Java_Game_jar\.
Requires JDK:	No
Requires 64-Bit: No
Java min ver:	
Java max ver:	
JRE paths:	jre
Check launcher:	D:\Programedudel\Java\Java Game GitHub\Java-Game\out\artifacts\Java_Game_jar\jre\bin\javaw.exe (not found)
Error msg:	This application requires a Java Runtime Environment.
